25706 : 2026-07-07 11:42:35,891 : INFO : telemetry.main : Attempt start. Configuration directory [/Users/abigailliang/my-game/.azure]. Cache directory [/Users/abigailliang/my-game/.azure/telemetry/20260707114235781].
25706 : 2026-07-07 11:42:35,900 : INFO : telemetry.records : 1 cache files to upload.
25706 : 2026-07-07 11:42:35,903 : INFO : telemetry.records : Processed file /Users/abigailliang/my-game/.azure/telemetry/20260707114235781/cache into 1 records.
25706 : 2026-07-07 11:42:35,903 : INFO : telemetry.records : Remove directory /Users/abigailliang/my-game/.azure/telemetry/20260707114235781
25706 : 2026-07-07 11:42:35,904 : INFO : telemetry.client : Accumulated 1 events. Flush the clients.
25706 : 2026-07-07 11:42:35,904 : INFO : telemetry.client : Flush client c4395b75-49cc-422c-bc95-c7d51aef5d46.
25706 : 2026-07-07 11:42:36,135 : INFO : telemetry.sender : Sending 4579 bytes
25706 : 2026-07-07 11:42:36,135 : INFO : telemetry.sender : Finish uploading in 0.231258 seconds.
25826 : 2026-07-07 11:42:53,259 : INFO : telemetry.main : Attempt start. Configuration directory [/Users/abigailliang/my-game/.azure]. Cache directory [/Users/abigailliang/my-game/.azure/telemetry/20260707114253193].
25826 : 2026-07-07 11:42:53,265 : INFO : telemetry.records : 1 cache files to upload.
25826 : 2026-07-07 11:42:53,269 : INFO : telemetry.records : Processed file /Users/abigailliang/my-game/.azure/telemetry/20260707114253193/cache into 1 records.
25826 : 2026-07-07 11:42:53,269 : INFO : telemetry.records : Remove directory /Users/abigailliang/my-game/.azure/telemetry/20260707114253193
25826 : 2026-07-07 11:42:53,270 : INFO : telemetry.client : Accumulated 1 events. Flush the clients.
25826 : 2026-07-07 11:42:53,270 : INFO : telemetry.client : Flush client c4395b75-49cc-422c-bc95-c7d51aef5d46.
25826 : 2026-07-07 11:42:53,482 : INFO : telemetry.sender : Sending 4514 bytes
25826 : 2026-07-07 11:42:53,482 : INFO : telemetry.sender : Finish uploading in 0.212158 seconds.
87530 : 2026-07-07 14:25:48,274 : INFO : telemetry.main : Attempt start. Configuration directory [/Users/abigailliang/my-game/.azure]. Cache directory [/Users/abigailliang/my-game/.azure/telemetry/20260707142548198].
87530 : 2026-07-07 14:25:48,281 : INFO : telemetry.records : 1 cache files to upload.
87530 : 2026-07-07 14:25:48,285 : INFO : telemetry.records : Processed file /Users/abigailliang/my-game/.azure/telemetry/20260707142548198/cache into 1 records.
87530 : 2026-07-07 14:25:48,286 : INFO : telemetry.records : Remove directory /Users/abigailliang/my-game/.azure/telemetry/20260707142548198
87530 : 2026-07-07 14:25:48,286 : INFO : telemetry.client : Accumulated 1 events. Flush the clients.
87530 : 2026-07-07 14:25:48,286 : INFO : telemetry.client : Flush client c4395b75-49cc-422c-bc95-c7d51aef5d46.
87530 : 2026-07-07 14:25:48,634 : INFO : telemetry.sender : Sending 4338 bytes
87530 : 2026-07-07 14:25:48,634 : INFO : telemetry.sender : Finish uploading in 0.347893 seconds.
87722 : 2026-07-07 14:26:04,381 : INFO : telemetry.main : Attempt start. Configuration directory [/Users/abigailliang/my-game/.azure]. Cache directory [/Users/abigailliang/my-game/.azure/telemetry/20260707142604300].
87722 : 2026-07-07 14:26:04,388 : INFO : telemetry.records : 1 cache files to upload.
87722 : 2026-07-07 14:26:04,390 : INFO : telemetry.records : Processed file /Users/abigailliang/my-game/.azure/telemetry/20260707142604300/cache into 1 records.
87722 : 2026-07-07 14:26:04,390 : INFO : telemetry.records : Remove directory /Users/abigailliang/my-game/.azure/telemetry/20260707142604300
87722 : 2026-07-07 14:26:04,391 : INFO : telemetry.client : Accumulated 1 events. Flush the clients.
87722 : 2026-07-07 14:26:04,391 : INFO : telemetry.client : Flush client c4395b75-49cc-422c-bc95-c7d51aef5d46.
87728 : 2026-07-07 14:26:04,594 : INFO : telemetry.main : Attempt start. Configuration directory [/Users/abigailliang/my-game/.azure]. Cache directory [/Users/abigailliang/my-game/.azure/telemetry/20260707142604521].
87728 : 2026-07-07 14:26:04,601 : INFO : telemetry.records : 1 cache files to upload.
87728 : 2026-07-07 14:26:04,605 : INFO : telemetry.records : Processed file /Users/abigailliang/my-game/.azure/telemetry/20260707142604521/cache into 1 records.
87728 : 2026-07-07 14:26:04,605 : INFO : telemetry.records : Remove directory /Users/abigailliang/my-game/.azure/telemetry/20260707142604521
87728 : 2026-07-07 14:26:04,606 : INFO : telemetry.client : Accumulated 1 events. Flush the clients.
87728 : 2026-07-07 14:26:04,606 : INFO : telemetry.client : Flush client c4395b75-49cc-422c-bc95-c7d51aef5d46.
87722 : 2026-07-07 14:26:04,718 : INFO : telemetry.sender : Sending 4571 bytes
87722 : 2026-07-07 14:26:04,718 : INFO : telemetry.sender : Finish uploading in 0.326724 seconds.
87728 : 2026-07-07 14:26:04,930 : INFO : telemetry.sender : Sending 4506 bytes
87728 : 2026-07-07 14:26:04,930 : INFO : telemetry.sender : Finish uploading in 0.324107 seconds.
87905 : 2026-07-07 14:26:17,338 : INFO : telemetry.main : Attempt start. Configuration directory [/Users/abigailliang/my-game/.azure]. Cache directory [/Users/abigailliang/my-game/.azure/telemetry/20260707142617259].
87905 : 2026-07-07 14:26:17,344 : INFO : telemetry.records : 1 cache files to upload.
87905 : 2026-07-07 14:26:17,349 : INFO : telemetry.records : Processed file /Users/abigailliang/my-game/.azure/telemetry/20260707142617259/cache into 1 records.
87905 : 2026-07-07 14:26:17,349 : INFO : telemetry.records : Remove directory /Users/abigailliang/my-game/.azure/telemetry/20260707142617259
87905 : 2026-07-07 14:26:17,350 : INFO : telemetry.client : Accumulated 1 events. Flush the clients.
87905 : 2026-07-07 14:26:17,350 : INFO : telemetry.client : Flush client c4395b75-49cc-422c-bc95-c7d51aef5d46.
87905 : 2026-07-07 14:26:17,690 : INFO : telemetry.sender : Sending 4506 bytes
87905 : 2026-07-07 14:26:17,690 : INFO : telemetry.sender : Finish uploading in 0.340618 seconds.
96503 : 2026-07-07 14:33:16,938 : INFO : telemetry.main : Attempt start. Configuration directory [/Users/abigailliang/my-game/.azure]. Cache directory [/Users/abigailliang/my-game/.azure/telemetry/20260707143316722].
96503 : 2026-07-07 14:33:16,960 : INFO : telemetry.records : 1 cache files to upload.
96503 : 2026-07-07 14:33:16,963 : INFO : telemetry.records : Processed file /Users/abigailliang/my-game/.azure/telemetry/20260707143316722/cache into 1 records.
96503 : 2026-07-07 14:33:16,963 : INFO : telemetry.records : Remove directory /Users/abigailliang/my-game/.azure/telemetry/20260707143316722
96503 : 2026-07-07 14:33:16,964 : INFO : telemetry.client : Accumulated 1 events. Flush the clients.
96503 : 2026-07-07 14:33:16,964 : INFO : telemetry.client : Flush client c4395b75-49cc-422c-bc95-c7d51aef5d46.
96503 : 2026-07-07 14:33:17,188 : INFO : telemetry.sender : Sending 4507 bytes
96503 : 2026-07-07 14:33:17,188 : INFO : telemetry.sender : Finish uploading in 0.224321 seconds.
96651 : 2026-07-07 14:33:27,071 : INFO : telemetry.main : Attempt start. Configuration directory [/Users/abigailliang/my-game/.azure]. Cache directory [/Users/abigailliang/my-game/.azure/telemetry/20260707143326996].
96651 : 2026-07-07 14:33:27,078 : INFO : telemetry.records : 1 cache files to upload.
96651 : 2026-07-07 14:33:27,081 : INFO : telemetry.records : Processed file /Users/abigailliang/my-game/.azure/telemetry/20260707143326996/cache into 1 records.
96651 : 2026-07-07 14:33:27,081 : INFO : telemetry.records : Remove directory /Users/abigailliang/my-game/.azure/telemetry/20260707143326996
96651 : 2026-07-07 14:33:27,082 : INFO : telemetry.client : Accumulated 1 events. Flush the clients.
96651 : 2026-07-07 14:33:27,082 : INFO : telemetry.client : Flush client c4395b75-49cc-422c-bc95-c7d51aef5d46.
96651 : 2026-07-07 14:33:27,254 : INFO : telemetry.sender : Sending 4580 bytes
96651 : 2026-07-07 14:33:27,254 : INFO : telemetry.sender : Finish uploading in 0.172391 seconds.
97417 : 2026-07-07 14:34:33,965 : INFO : telemetry.main : Attempt start. Configuration directory [/Users/abigailliang/my-game/.azure]. Cache directory [/Users/abigailliang/my-game/.azure/telemetry/20260707143433886].
97417 : 2026-07-07 14:34:33,973 : INFO : telemetry.records : 1 cache files to upload.
97417 : 2026-07-07 14:34:33,978 : INFO : telemetry.records : Processed file /Users/abigailliang/my-game/.azure/telemetry/20260707143433886/cache into 1 records.
97417 : 2026-07-07 14:34:33,978 : INFO : telemetry.records : Remove directory /Users/abigailliang/my-game/.azure/telemetry/20260707143433886
97417 : 2026-07-07 14:34:33,979 : INFO : telemetry.client : Accumulated 1 events. Flush the clients.
97417 : 2026-07-07 14:34:33,979 : INFO : telemetry.client : Flush client c4395b75-49cc-422c-bc95-c7d51aef5d46.
97417 : 2026-07-07 14:34:34,195 : INFO : telemetry.sender : Sending 4510 bytes
97417 : 2026-07-07 14:34:34,195 : INFO : telemetry.sender : Finish uploading in 0.216727 seconds.
98240 : 2026-07-07 14:35:36,353 : INFO : telemetry.main : Attempt start. Configuration directory [/Users/abigailliang/my-game/.azure]. Cache directory [/Users/abigailliang/my-game/.azure/telemetry/20260707143536268].
98240 : 2026-07-07 14:35:36,360 : INFO : telemetry.records : 1 cache files to upload.
98240 : 2026-07-07 14:35:36,362 : INFO : telemetry.records : Processed file /Users/abigailliang/my-game/.azure/telemetry/20260707143536268/cache into 1 records.
98240 : 2026-07-07 14:35:36,362 : INFO : telemetry.records : Remove directory /Users/abigailliang/my-game/.azure/telemetry/20260707143536268
98240 : 2026-07-07 14:35:36,363 : INFO : telemetry.client : Accumulated 1 events. Flush the clients.
98240 : 2026-07-07 14:35:36,363 : INFO : telemetry.client : Flush client c4395b75-49cc-422c-bc95-c7d51aef5d46.
98240 : 2026-07-07 14:35:36,604 : INFO : telemetry.sender : Sending 4673 bytes
98240 : 2026-07-07 14:35:36,605 : INFO : telemetry.sender : Finish uploading in 0.241724 seconds.
32525 : 2026-07-07 15:26:31,064 : INFO : telemetry.main : Attempt start. Configuration directory [/Users/abigailliang/my-game/.azure]. Cache directory [/Users/abigailliang/my-game/.azure/telemetry/20260707152630851].
32525 : 2026-07-07 15:26:31,075 : INFO : telemetry.records : 1 cache files to upload.
32525 : 2026-07-07 15:26:31,085 : INFO : telemetry.records : Processed file /Users/abigailliang/my-game/.azure/telemetry/20260707152630851/cache into 1 records.
32525 : 2026-07-07 15:26:31,086 : INFO : telemetry.records : Remove directory /Users/abigailliang/my-game/.azure/telemetry/20260707152630851
32525 : 2026-07-07 15:26:31,087 : INFO : telemetry.client : Accumulated 1 events. Flush the clients.
32525 : 2026-07-07 15:26:31,087 : INFO : telemetry.client : Flush client c4395b75-49cc-422c-bc95-c7d51aef5d46.
32525 : 2026-07-07 15:26:31,480 : INFO : telemetry.sender : Sending 5489 bytes
32525 : 2026-07-07 15:26:31,480 : INFO : telemetry.sender : Finish uploading in 0.393586 seconds.
36874 : 2026-07-07 15:33:47,731 : INFO : telemetry.main : Attempt start. Configuration directory [/Users/abigailliang/my-game/.azure]. Cache directory [/Users/abigailliang/my-game/.azure/telemetry/20260707153347634].
36874 : 2026-07-07 15:33:47,738 : INFO : telemetry.records : 1 cache files to upload.
36874 : 2026-07-07 15:33:47,743 : INFO : telemetry.records : Processed file /Users/abigailliang/my-game/.azure/telemetry/20260707153347634/cache into 1 records.
36874 : 2026-07-07 15:33:47,744 : INFO : telemetry.records : Remove directory /Users/abigailliang/my-game/.azure/telemetry/20260707153347634
36874 : 2026-07-07 15:33:47,744 : INFO : telemetry.client : Accumulated 1 events. Flush the clients.
36874 : 2026-07-07 15:33:47,744 : INFO : telemetry.client : Flush client c4395b75-49cc-422c-bc95-c7d51aef5d46.
36874 : 2026-07-07 15:33:47,935 : INFO : telemetry.sender : Sending 4673 bytes
36874 : 2026-07-07 15:33:47,935 : INFO : telemetry.sender : Finish uploading in 0.191370 seconds.
45881 : 2026-07-07 15:49:16,815 : INFO : telemetry.main : Attempt start. Configuration directory [/Users/abigailliang/my-game/.azure]. Cache directory [/Users/abigailliang/my-game/.azure/telemetry/20260707154916718].
45881 : 2026-07-07 15:49:16,823 : INFO : telemetry.records : 1 cache files to upload.
45881 : 2026-07-07 15:49:16,825 : INFO : telemetry.records : Processed file /Users/abigailliang/my-game/.azure/telemetry/20260707154916718/cache into 1 records.
45881 : 2026-07-07 15:49:16,826 : INFO : telemetry.records : Remove directory /Users/abigailliang/my-game/.azure/telemetry/20260707154916718
45881 : 2026-07-07 15:49:16,826 : INFO : telemetry.client : Accumulated 1 events. Flush the clients.
45881 : 2026-07-07 15:49:16,826 : INFO : telemetry.client : Flush client c4395b75-49cc-422c-bc95-c7d51aef5d46.
45881 : 2026-07-07 15:49:17,043 : INFO : telemetry.sender : Sending 4673 bytes
45881 : 2026-07-07 15:49:17,043 : INFO : telemetry.sender : Finish uploading in 0.216743 seconds.
48198 : 2026-07-07 15:52:53,069 : INFO : telemetry.main : Attempt start. Configuration directory [/Users/abigailliang/my-game/.azure]. Cache directory [/Users/abigailliang/my-game/.azure/telemetry/20260707155252978].
48198 : 2026-07-07 15:52:53,076 : INFO : telemetry.records : 1 cache files to upload.
48198 : 2026-07-07 15:52:53,082 : INFO : telemetry.records : Processed file /Users/abigailliang/my-game/.azure/telemetry/20260707155252978/cache into 1 records.
48198 : 2026-07-07 15:52:53,082 : INFO : telemetry.records : Remove directory /Users/abigailliang/my-game/.azure/telemetry/20260707155252978
48198 : 2026-07-07 15:52:53,083 : INFO : telemetry.client : Accumulated 1 events. Flush the clients.
48198 : 2026-07-07 15:52:53,083 : INFO : telemetry.client : Flush client c4395b75-49cc-422c-bc95-c7d51aef5d46.
48198 : 2026-07-07 15:52:53,428 : INFO : telemetry.sender : Sending 4673 bytes
48198 : 2026-07-07 15:52:53,428 : INFO : telemetry.sender : Finish uploading in 0.345475 seconds.
50369 : 2026-07-09 10:41:07,375 : INFO : telemetry.main : Attempt start. Configuration directory [/Users/abigailliang/my-game/.azure]. Cache directory [/Users/abigailliang/my-game/.azure/telemetry/20260709104107174].
50369 : 2026-07-09 10:41:07,385 : INFO : telemetry.records : 1 cache files to upload.
50369 : 2026-07-09 10:41:07,389 : INFO : telemetry.records : Processed file /Users/abigailliang/my-game/.azure/telemetry/20260709104107174/cache into 1 records.
50369 : 2026-07-09 10:41:07,389 : INFO : telemetry.records : Remove directory /Users/abigailliang/my-game/.azure/telemetry/20260709104107174
50369 : 2026-07-09 10:41:07,390 : INFO : telemetry.client : Accumulated 1 events. Flush the clients.
50369 : 2026-07-09 10:41:07,390 : INFO : telemetry.client : Flush client c4395b75-49cc-422c-bc95-c7d51aef5d46.
50369 : 2026-07-09 10:41:07,599 : INFO : telemetry.sender : Sending 4666 bytes
50369 : 2026-07-09 10:41:07,600 : INFO : telemetry.sender : Finish uploading in 0.209582 seconds.
50574 : 2026-07-09 10:41:22,785 : INFO : telemetry.main : Attempt start. Configuration directory [/Users/abigailliang/my-game/.azure]. Cache directory [/Users/abigailliang/my-game/.azure/telemetry/20260709104122706].
50574 : 2026-07-09 10:41:22,793 : INFO : telemetry.records : 1 cache files to upload.
50574 : 2026-07-09 10:41:22,795 : INFO : telemetry.records : Processed file /Users/abigailliang/my-game/.azure/telemetry/20260709104122706/cache into 1 records.
50574 : 2026-07-09 10:41:22,796 : INFO : telemetry.records : Remove directory /Users/abigailliang/my-game/.azure/telemetry/20260709104122706
50574 : 2026-07-09 10:41:22,796 : INFO : telemetry.client : Accumulated 1 events. Flush the clients.
50574 : 2026-07-09 10:41:22,796 : INFO : telemetry.client : Flush client c4395b75-49cc-422c-bc95-c7d51aef5d46.
50574 : 2026-07-09 10:41:22,974 : INFO : telemetry.sender : Sending 4892 bytes
50574 : 2026-07-09 10:41:22,974 : INFO : telemetry.sender : Finish uploading in 0.177363 seconds.
51285 : 2026-07-09 10:42:18,238 : INFO : telemetry.main : Attempt start. Configuration directory [/Users/abigailliang/my-game/.azure]. Cache directory [/Users/abigailliang/my-game/.azure/telemetry/20260709104218157].
51285 : 2026-07-09 10:42:18,244 : INFO : telemetry.records : 1 cache files to upload.
51285 : 2026-07-09 10:42:18,249 : INFO : telemetry.records : Processed file /Users/abigailliang/my-game/.azure/telemetry/20260709104218157/cache into 1 records.
51285 : 2026-07-09 10:42:18,250 : INFO : telemetry.records : Remove directory /Users/abigailliang/my-game/.azure/telemetry/20260709104218157
51285 : 2026-07-09 10:42:18,250 : INFO : telemetry.client : Accumulated 1 events. Flush the clients.
51285 : 2026-07-09 10:42:18,250 : INFO : telemetry.client : Flush client c4395b75-49cc-422c-bc95-c7d51aef5d46.
51285 : 2026-07-09 10:42:18,459 : INFO : telemetry.sender : Sending 4594 bytes
51285 : 2026-07-09 10:42:18,459 : INFO : telemetry.sender : Finish uploading in 0.208902 seconds.
51446 : 2026-07-09 10:42:30,597 : INFO : telemetry.main : Attempt start. Configuration directory [/Users/abigailliang/my-game/.azure]. Cache directory [/Users/abigailliang/my-game/.azure/telemetry/20260709104230513].
51446 : 2026-07-09 10:42:30,606 : INFO : telemetry.records : 1 cache files to upload.
51446 : 2026-07-09 10:42:30,612 : INFO : telemetry.records : Processed file /Users/abigailliang/my-game/.azure/telemetry/20260709104230513/cache into 1 records.
51446 : 2026-07-09 10:42:30,613 : INFO : telemetry.records : Remove directory /Users/abigailliang/my-game/.azure/telemetry/20260709104230513
51446 : 2026-07-09 10:42:30,613 : INFO : telemetry.client : Accumulated 1 events. Flush the clients.
51446 : 2026-07-09 10:42:30,613 : INFO : telemetry.client : Flush client c4395b75-49cc-422c-bc95-c7d51aef5d46.
51446 : 2026-07-09 10:42:30,790 : INFO : telemetry.sender : Sending 4666 bytes
51446 : 2026-07-09 10:42:30,791 : INFO : telemetry.sender : Finish uploading in 0.177390 seconds.
52187 : 2026-07-09 10:43:30,029 : INFO : telemetry.main : Attempt start. Configuration directory [/Users/abigailliang/my-game/.azure]. Cache directory [/Users/abigailliang/my-game/.azure/telemetry/20260709104329938].
52187 : 2026-07-09 10:43:30,037 : INFO : telemetry.records : 1 cache files to upload.
52187 : 2026-07-09 10:43:30,044 : INFO : telemetry.records : Processed file /Users/abigailliang/my-game/.azure/telemetry/20260709104329938/cache into 1 records.
52187 : 2026-07-09 10:43:30,045 : INFO : telemetry.records : Remove directory /Users/abigailliang/my-game/.azure/telemetry/20260709104329938
52187 : 2026-07-09 10:43:30,045 : INFO : telemetry.client : Accumulated 1 events. Flush the clients.
52187 : 2026-07-09 10:43:30,045 : INFO : telemetry.client : Flush client c4395b75-49cc-422c-bc95-c7d51aef5d46.
52187 : 2026-07-09 10:43:30,267 : INFO : telemetry.sender : Sending 4916 bytes
52187 : 2026-07-09 10:43:30,267 : INFO : telemetry.sender : Finish uploading in 0.221801 seconds.
52904 : 2026-07-09 10:44:25,946 : INFO : telemetry.main : Attempt start. Configuration directory [/Users/abigailliang/my-game/.azure]. Cache directory [/Users/abigailliang/my-game/.azure/telemetry/20260709104425863].
52904 : 2026-07-09 10:44:25,953 : INFO : telemetry.records : 1 cache files to upload.
52904 : 2026-07-09 10:44:25,955 : INFO : telemetry.records : Processed file /Users/abigailliang/my-game/.azure/telemetry/20260709104425863/cache into 1 records.
52904 : 2026-07-09 10:44:25,955 : INFO : telemetry.records : Remove directory /Users/abigailliang/my-game/.azure/telemetry/20260709104425863
52904 : 2026-07-09 10:44:25,956 : INFO : telemetry.client : Accumulated 1 events. Flush the clients.
52904 : 2026-07-09 10:44:25,956 : INFO : telemetry.client : Flush client c4395b75-49cc-422c-bc95-c7d51aef5d46.
52904 : 2026-07-09 10:44:26,144 : INFO : telemetry.sender : Sending 4605 bytes
52904 : 2026-07-09 10:44:26,145 : INFO : telemetry.sender : Finish uploading in 0.188461 seconds.
53488 : 2026-07-09 10:45:12,590 : INFO : telemetry.main : Attempt start. Configuration directory [/Users/abigailliang/my-game/.azure]. Cache directory [/Users/abigailliang/my-game/.azure/telemetry/20260709104512504].
53488 : 2026-07-09 10:45:12,597 : INFO : telemetry.records : 1 cache files to upload.
53488 : 2026-07-09 10:45:12,600 : INFO : telemetry.records : Processed file /Users/abigailliang/my-game/.azure/telemetry/20260709104512504/cache into 1 records.
53488 : 2026-07-09 10:45:12,600 : INFO : telemetry.records : Remove directory /Users/abigailliang/my-game/.azure/telemetry/20260709104512504
53488 : 2026-07-09 10:45:12,601 : INFO : telemetry.client : Accumulated 1 events. Flush the clients.
53488 : 2026-07-09 10:45:12,601 : INFO : telemetry.client : Flush client c4395b75-49cc-422c-bc95-c7d51aef5d46.
53488 : 2026-07-09 10:45:12,772 : INFO : telemetry.sender : Sending 4673 bytes
53488 : 2026-07-09 10:45:12,772 : INFO : telemetry.sender : Finish uploading in 0.171252 seconds.
53768 : 2026-07-09 10:45:33,093 : INFO : telemetry.main : Attempt start. Configuration directory [/Users/abigailliang/my-game/.azure]. Cache directory [/Users/abigailliang/my-game/.azure/telemetry/20260709104532998].
53768 : 2026-07-09 10:45:33,100 : INFO : telemetry.records : 1 cache files to upload.
53768 : 2026-07-09 10:45:33,106 : INFO : telemetry.records : Processed file /Users/abigailliang/my-game/.azure/telemetry/20260709104532998/cache into 1 records.
53768 : 2026-07-09 10:45:33,106 : INFO : telemetry.records : Remove directory /Users/abigailliang/my-game/.azure/telemetry/20260709104532998
53768 : 2026-07-09 10:45:33,107 : INFO : telemetry.client : Accumulated 1 events. Flush the clients.
53768 : 2026-07-09 10:45:33,107 : INFO : telemetry.client : Flush client c4395b75-49cc-422c-bc95-c7d51aef5d46.
53768 : 2026-07-09 10:45:33,288 : INFO : telemetry.sender : Sending 4618 bytes
53768 : 2026-07-09 10:45:33,288 : INFO : telemetry.sender : Finish uploading in 0.181828 seconds.
56023 : 2026-07-09 10:48:34,387 : INFO : telemetry.main : Attempt start. Configuration directory [/Users/abigailliang/my-game/.azure]. Cache directory [/Users/abigailliang/my-game/.azure/telemetry/20260709104834296].
56023 : 2026-07-09 10:48:34,395 : INFO : telemetry.records : 1 cache files to upload.
56023 : 2026-07-09 10:48:34,402 : INFO : telemetry.records : Processed file /Users/abigailliang/my-game/.azure/telemetry/20260709104834296/cache into 1 records.
56023 : 2026-07-09 10:48:34,402 : INFO : telemetry.records : Remove directory /Users/abigailliang/my-game/.azure/telemetry/20260709104834296
56023 : 2026-07-09 10:48:34,402 : INFO : telemetry.client : Accumulated 1 events. Flush the clients.
56023 : 2026-07-09 10:48:34,403 : INFO : telemetry.client : Flush client c4395b75-49cc-422c-bc95-c7d51aef5d46.
56023 : 2026-07-09 10:48:34,589 : INFO : telemetry.sender : Sending 4673 bytes
56023 : 2026-07-09 10:48:34,589 : INFO : telemetry.sender : Finish uploading in 0.186852 seconds.
